<?xml version="1.0" encoding="UTF-8"?>
<!-- Generated by org.testng.reporters.JUnitReportReporter -->
<testsuite hostname="LAPTOP-0PKHKVR9" failures="0" tests="2" name="Restassured.RestAPI" time="4.809" errors="0" timestamp="2024-07-23T14:22:11 IST" skipped="0">
  <testcase classname="Restassured.RestAPI" name="getRequestBooksAPI" time="1.634"/>
  <system-out/>
  <testcase classname="Restassured.RestAPI" name="postRequestBooksAPI" time="3.175"/>
  <system-out/>
</testsuite> <!-- Restassured.RestAPI -->
