<?xml version="1.0" encoding="UTF-8"?>
<!-- Generated by org.testng.reporters.JUnitReportReporter -->
<testsuite hostname="LAPTOP-0PKHKVR9" failures="0" tests="1" name="Selenium.LoginAPP" time="9.942" errors="0" timestamp="2024-07-22T22:48:00 IST" skipped="0">
  <testcase classname="Selenium.LoginAPP" name="loginapp" time="9.942"/>
  <system-out/>
</testsuite> <!-- Selenium.LoginAPP -->
