<?xml version="1.0" encoding="UTF-8"?>
<!-- Generated by org.testng.reporters.JUnitReportReporter -->
<testsuite hostname="LAPTOP-0PKHKVR9" failures="0" tests="1" name="pages.selenium_example" time="11.011" errors="0" timestamp="22 Jul 2024 11:51:06 GMT">
  <testcase classname="pages.selenium_example" name="checkTheUrl" time="11.011"/>
</testsuite> <!-- pages.selenium_example -->
